2026-02-07 00:11:48,358 - INFO - ✅ [关闭]：系统已安全关闭
2026-02-07 00:13:45,585 - INFO - 📡 [初始化]：正在初始化 API...
2026-02-07 00:13:45,586 - INFO - ✅ [后台]：已启动事件循环线程
2026-02-07 00:13:45,587 - INFO - ✅ [API]：已初始化
2026-02-07 00:13:45,587 - INFO - ✅ [初始化]：系统已初始化完毕
2026-02-07 00:13:45,587 - INFO - 🚀 [启动]：启动后端服务...
2026-02-07 00:13:45,588 - INFO - 🚀 [Flask]：启动 API 服务...
2026-02-07 00:13:45,588 - INFO - 📝 [Flask]：访问地址: http://localhost:5000
2026-02-07 00:13:45,588 - INFO - 📋 [说明]：请在管理面板中登录账号，设置配置，然后点击'启动脚本'按钮
2026-02-07 00:28:47,349 - INFO - 📡 [初始化]：正在初始化 API...
2026-02-07 00:28:47,352 - INFO - ✅ [后台]：已启动事件循环线程
2026-02-07 00:28:47,352 - INFO - ✅ [API]：已初始化
2026-02-07 00:28:47,353 - INFO - ✅ [初始化]：系统已初始化完毕
2026-02-07 00:28:47,353 - INFO - 🚀 [启动]：启动后端服务...
2026-02-07 00:28:47,353 - INFO - 🚀 [Flask]：启动 API 服务...
2026-02-07 00:28:47,354 - INFO - 📝 [Flask]：访问地址: http://localhost:5000
2026-02-07 00:28:47,354 - INFO - 📋 [说明]：请在管理面板中登录账号，设置配置，然后点击'启动脚本'按钮
2026-02-07 00:32:07,791 - INFO - ✅ 使用手动配置代理：127.0.0.1:7897
2026-02-07 00:32:09,641 - INFO - ✅ [克隆号登录]：12183293044 (Phone: +12183293044, ID: 7801497574)
2026-02-07 00:32:09,946 - INFO - ✅ [克隆号]：12183293044 已在目标群 @fasfwe22
2026-02-07 00:32:25,779 - INFO - 📝 [克隆号]：12183293044 昵称已更新为 jacky
2026-02-07 00:34:00,874 - INFO - ✅ 使用手动配置代理：127.0.0.1:7897
2026-02-07 00:34:02,682 - INFO - ✅ [克隆号登录]：12183293044 (Phone: +12183293044, ID: 7801497574)
2026-02-07 00:34:02,983 - INFO - ✅ [克隆号]：12183293044 已在目标群 @fasfwe22
2026-02-07 00:34:02,983 - INFO - ✅ 使用手动配置代理：127.0.0.1:7897
2026-02-07 00:34:05,012 - INFO - ✅ [克隆号登录]：12183989297 (Phone: +12183989297, ID: 7964268986)
2026-02-07 00:34:05,298 - INFO - ✅ [克隆号]：12183989297 已在目标群 @fasfwe22
2026-02-07 00:34:05,299 - INFO - ✅ 使用手动配置代理：127.0.0.1:7897
2026-02-07 00:34:07,083 - INFO - ✅ [克隆号登录]：12245845044 (Phone: +12245845044, ID: 7539442717)
2026-02-07 00:34:07,352 - INFO - ✅ [克隆号]：12245845044 已在目标群 @fasfwe22
2026-02-07 00:34:07,353 - WARNING - ⚠️ [自动登录]：跳过失败账号 12523493110
2026-02-07 00:34:07,356 - INFO - ✅ 使用手动配置代理：127.0.0.1:7897
2026-02-07 00:34:09,158 - INFO - ✅ [克隆号登录]：12562511205 (Phone: +12562511205, ID: 7675823192)
2026-02-07 00:34:14,950 - INFO - ✅ [克隆号]：12562511205 已在目标群 @fasfwe22
2026-02-07 00:34:14,951 - WARNING - ⚠️ [自动登录]：跳过失败账号 12567491848
2026-02-07 00:34:14,952 - INFO - ✅ 使用手动配置代理：127.0.0.1:7897
2026-02-07 00:34:16,771 - INFO - ✅ [克隆号登录]：12673619365 (Phone: +12673619365, ID: 7682038825)
2026-02-07 00:34:17,052 - INFO - ✅ [克隆号]：12673619365 已在目标群 @fasfwe22
2026-02-07 00:34:17,053 - WARNING - ⚠️ [自动登录]：跳过失败账号 12765988808
2026-02-07 00:34:17,055 - INFO - ✅ 使用手动配置代理：127.0.0.1:7897
2026-02-07 00:34:18,866 - INFO - ✅ [克隆号登录]：12769270374 (Phone: +12769270374, ID: 7020952838)
2026-02-07 00:34:19,158 - INFO - ✅ [克隆号]：12769270374 已在目标群 @fasfwe22
2026-02-07 00:34:19,158 - INFO - 📊 [自动登录]：成功登录 6/9 个克隆号
2026-02-07 00:35:42,589 - INFO - 📸 [克隆号]：12183293044 头像已更新
2026-02-07 00:41:07,144 - INFO - ✅ [关闭]：系统已安全关闭
2026-02-07 00:41:10,000 - INFO - 📡 [初始化]：正在初始化 API...
2026-02-07 00:41:10,003 - INFO - ✅ [后台]：已启动事件循环线程
2026-02-07 00:41:10,004 - INFO - ✅ [API]：已初始化
2026-02-07 00:41:10,005 - INFO - ✅ [初始化]：系统已初始化完毕
2026-02-07 00:41:10,006 - INFO - 🚀 [启动]：启动后端服务...
2026-02-07 00:41:10,008 - INFO - 🚀 [Flask]：启动 API 服务...
2026-02-07 00:41:10,010 - INFO - 📝 [Flask]：访问地址: http://localhost:5000
2026-02-07 00:41:10,011 - INFO - 📋 [说明]：请在管理面板中登录账号，设置配置，然后点击'启动脚本'按钮
2026-02-07 00:45:41,088 - INFO - ✅ [关闭]：系统已安全关闭
2026-02-07 00:45:44,022 - INFO - 📡 [初始化]：正在初始化 API...
2026-02-07 00:45:44,023 - INFO - ✅ [后台]：已启动事件循环线程
2026-02-07 00:45:44,024 - INFO - ✅ [API]：已初始化
2026-02-07 00:45:44,024 - INFO - ✅ [初始化]：系统已初始化完毕
2026-02-07 00:45:44,025 - INFO - 🚀 [启动]：启动后端服务...
2026-02-07 00:45:44,025 - INFO - 🚀 [Flask]：启动 API 服务...
2026-02-07 00:45:44,026 - INFO - 📝 [Flask]：访问地址: http://localhost:5000
2026-02-07 00:45:44,027 - INFO - 📋 [说明]：请在管理面板中登录账号，设置配置，然后点击'启动脚本'按钮
2026-02-07 00:46:03,275 - INFO - ✅ 使用手动配置代理：127.0.0.1:7897
2026-02-07 00:46:05,101 - INFO - ✅ [克隆号登录]：12183293044 (Phone: +12183293044, ID: 7801497574)
2026-02-07 00:46:05,418 - INFO - ✅ [克隆号]：12183293044 已在目标群 @fasfwe22
2026-02-07 00:51:37,385 - INFO - ✅ 使用手动配置代理：127.0.0.1:7897
2026-02-07 00:51:39,182 - INFO - ✅ [监控号登录]：+12177662808 (ID: 8191198429)
2026-02-07 00:51:39,419 - INFO - ✅ [监控号]：已加入警告群 @fasfwe22
2026-02-07 00:51:39,889 - INFO - ✅ [监控号]：已在源群 @afasf11
2026-02-07 01:05:29,483 - INFO - ✅ [关闭]：系统已安全关闭
2026-02-07 01:05:32,686 - INFO - 📡 [初始化]：正在初始化 API...
2026-02-07 01:05:32,688 - INFO - ✅ [后台]：已启动事件循环线程
2026-02-07 01:05:32,689 - INFO - ✅ [API]：已初始化
2026-02-07 01:05:32,689 - INFO - ✅ [初始化]：系统已初始化完毕
2026-02-07 01:05:32,690 - INFO - 🚀 [启动]：启动后端服务...
2026-02-07 01:05:32,690 - INFO - 🚀 [Flask]：启动 API 服务...
2026-02-07 01:05:32,691 - INFO - 📝 [Flask]：访问地址: http://localhost:5000
2026-02-07 01:05:32,692 - INFO - 📋 [说明]：请在管理面板中登录账号，设置配置，然后点击'启动脚本'按钮
2026-02-07 01:06:15,697 - INFO - ✅ 使用手动配置代理：127.0.0.1:7897
2026-02-07 01:06:17,657 - INFO - ✅ [监控号登录]：+12177662808 (ID: 8191198429)
2026-02-07 01:06:17,896 - INFO - ✅ [监控号]：已加入警告群 @fasfwe22
2026-02-07 01:06:18,369 - INFO - ✅ [监控号]：已在源群 @afasf11
2026-02-07 01:06:35,845 - INFO - 📸 [监控号]：头像已更新
2026-02-07 01:06:53,341 - INFO - ✅ 使用手动配置代理：127.0.0.1:7897
2026-02-07 01:06:55,203 - INFO - ✅ [克隆号登录]：12183293044 (Phone: +12183293044, ID: 7801497574)
2026-02-07 01:06:55,655 - INFO - ✅ [克隆号]：12183293044 已在目标群 @fasfwe22
2026-02-07 01:11:00,926 - INFO - ✅ [工人]：已启动 3 个工人
2026-02-07 01:11:00,927 - INFO - ✅ [监听]：已设置事件监听
2026-02-07 01:11:00,927 - INFO - ✅ [监听]：监控监听已启动
2026-02-07 01:11:00,930 - INFO - 🔄 [工人 0]：已启动
2026-02-07 01:11:00,932 - INFO - 🔄 [工人 1]：已启动
2026-02-07 01:11:00,934 - INFO - 🔄 [工人 2]：已启动
2026-02-07 01:11:00,935 - INFO - ✅ [监听]：开始监听消息...
2026-02-07 01:11:05,967 - INFO - ✅ 使用手动配置代理：127.0.0.1:7897
2026-02-07 01:11:07,056 - INFO - ✅ 使用手动配置代理：127.0.0.1:7897
2026-02-07 01:11:07,738 - INFO - ✅ 使用手动配置代理：127.0.0.1:7897
2026-02-07 01:11:07,753 - INFO - ✅ [克隆号登录]：12183989297 (Phone: +12183989297, ID: 7964268986)
2026-02-07 01:11:08,035 - INFO - ✅ [克隆号]：12183989297 已在目标群 @fasfwe22
2026-02-07 01:11:08,866 - INFO - ✅ [克隆号登录]：12245845044 (Phone: +12245845044, ID: 7539442717)
2026-02-07 01:11:09,140 - INFO - ✅ [克隆号]：12245845044 已在目标群 @fasfwe22
2026-02-07 01:11:09,620 - INFO - ✅ [克隆号登录]：12523493110 (Phone: +12523493110, ID: 8092349051)
2026-02-07 01:11:09,912 - INFO - ✅ [克隆号]：12523493110 已在目标群 @fasfwe22
2026-02-07 01:11:34,775 - INFO - 📥 [监控]：收到消息 chat=-1003892411048 sender=5654372746 msg_id=26
2026-02-07 01:11:35,055 - INFO - ✅ [转发成功]：12245845044 -> @fasfwe22
2026-02-07 01:12:05,908 - INFO - 📥 [监控]：收到消息 chat=-1003892411048 sender=5654372746 msg_id=27
2026-02-07 01:12:05,909 - INFO - 🚫 [工人 1]：消息被过滤
2026-02-07 01:13:28,122 - INFO - 📥 [监控]：收到消息 chat=-1003892411048 sender=5654372746 msg_id=28
2026-02-07 01:13:28,629 - INFO - ✅ [转发成功]：12245845044 -> @fasfwe22
2026-02-07 01:14:56,764 - INFO - 📥 [监控]：收到消息 chat=-1003892411048 sender=5654372746 msg_id=29
2026-02-07 01:14:57,047 - INFO - ✅ [转发成功]：12245845044 -> @fasfwe22
2026-02-07 01:31:44,321 - INFO - ✅ [关闭]：系统已安全关闭
2026-02-07 01:31:47,117 - INFO - 📡 [初始化]：正在初始化 API...
2026-02-07 01:31:47,118 - INFO - ✅ [后台]：已启动事件循环线程
2026-02-07 01:31:47,119 - INFO - ✅ [API]：已初始化
2026-02-07 01:31:47,119 - INFO - ✅ [初始化]：系统已初始化完毕
2026-02-07 01:31:47,119 - INFO - 🚀 [启动]：启动后端服务...
2026-02-07 01:31:47,119 - INFO - 🚀 [Flask]：启动 API 服务...
2026-02-07 01:31:47,120 - INFO - 📝 [Flask]：访问地址: http://localhost:5000
2026-02-07 01:31:47,120 - INFO - 📋 [说明]：请在管理面板中登录账号，设置配置，然后点击'启动脚本'按钮
2026-02-07 01:32:09,567 - INFO - ✅ 使用手动配置代理：127.0.0.1:7897
2026-02-07 01:32:11,366 - INFO - ✅ [监控号登录]：+12177662808 (ID: 8191198429)
2026-02-07 01:32:11,565 - INFO - ✅ 使用手动配置代理：127.0.0.1:7897
2026-02-07 01:32:11,612 - INFO - ✅ [监控号]：已加入警告群 @fasfwe22
2026-02-07 01:32:12,016 - INFO - ✅ 使用手动配置代理：127.0.0.1:7897
2026-02-07 01:32:12,074 - INFO - ✅ [监控号]：已在源群 @afasf11
2026-02-07 01:32:12,500 - INFO - ✅ 使用手动配置代理：127.0.0.1:7897
2026-02-07 01:32:13,320 - INFO - ✅ [克隆号登录]：12183293044 (Phone: +12183293044, ID: 7801497574)
2026-02-07 01:32:13,451 - INFO - ✅ 使用手动配置代理：127.0.0.1:7897
2026-02-07 01:32:13,587 - INFO - ✅ [克隆号]：12183293044 已在目标群 @fasfwe22
2026-02-07 01:32:13,855 - INFO - ✅ [克隆号登录]：12183989297 (Phone: +12183989297, ID: 7964268986)
2026-02-07 01:32:14,170 - INFO - ✅ [克隆号]：12183989297 已在目标群 @fasfwe22
2026-02-07 01:32:14,285 - INFO - ✅ [克隆号登录]：12245845044 (Phone: +12245845044, ID: 7539442717)
2026-02-07 01:32:14,552 - INFO - ✅ [克隆号]：12245845044 已在目标群 @fasfwe22
2026-02-07 01:32:15,251 - INFO - ✅ [克隆号登录]：12523493110 (Phone: +12523493110, ID: 8092349051)
2026-02-07 01:32:15,671 - INFO - ✅ [克隆号]：12523493110 已在目标群 @fasfwe22
2026-02-07 01:32:23,142 - INFO - ✅ [工人]：已启动 3 个工人
2026-02-07 01:32:23,142 - INFO - ✅ [监听]：已设置事件监听
2026-02-07 01:32:23,143 - INFO - ✅ [监听]：监控监听已启动
2026-02-07 01:32:23,145 - INFO - 🔄 [工人 0]：已启动
2026-02-07 01:32:23,146 - INFO - 🔄 [工人 1]：已启动
2026-02-07 01:32:23,147 - INFO - 🔄 [工人 2]：已启动
2026-02-07 01:32:23,147 - INFO - ✅ [监听]：开始监听消息...
2026-02-07 01:33:03,126 - INFO - 📥 [监控]：收到消息 chat=-1003892411048 sender=5654372746 msg_id=30
2026-02-07 01:33:03,408 - INFO - ✅ [转发成功]：12245845044 -> @fasfwe22
2026-02-07 01:33:19,963 - INFO - 📥 [监控]：收到消息 chat=-1003892411048 sender=5654372746 msg_id=31
2026-02-07 01:33:20,254 - INFO - ✅ [转发成功]：12245845044 -> @fasfwe22
2026-02-07 01:33:27,138 - INFO - 📥 [监控]：收到消息 chat=-1003892411048 sender=5654372746 msg_id=32
2026-02-07 01:33:27,422 - INFO - ✅ [转发成功]：12245845044 -> @fasfwe22
2026-02-07 01:33:40,640 - INFO - 📥 [监控]：收到消息 chat=-1003892411048 sender=5654372746 msg_id=33
2026-02-07 01:33:40,641 - INFO - 🚫 [工人 2]：消息被过滤
2026-02-07 01:34:22,643 - INFO - 📥 [监控]：收到消息 chat=-1003892411048 sender=5654372746 msg_id=34
2026-02-07 01:34:22,644 - INFO - 🚫 [工人 0]：消息被过滤
2026-02-07 01:34:37,448 - INFO - 🛑 [监听]：监听已停止
2026-02-07 01:34:37,449 - INFO - 🛑 [工人 0]：已停止
2026-02-07 01:34:37,451 - INFO - 🛑 [工人 1]：已停止
2026-02-07 01:34:37,452 - INFO - 🛑 [工人 2]：已停止
2026-02-07 01:34:37,452 - INFO - ✅ [工人]：已停止所有工人
2026-02-07 01:34:37,453 - INFO - ✅ [监听]：监控监听已停止
2026-02-07 01:34:42,085 - INFO - ✅ [工人]：已启动 3 个工人
2026-02-07 01:34:42,086 - INFO - ✅ [监听]：已设置事件监听
2026-02-07 01:34:42,088 - INFO - ✅ [监听]：监控监听已启动
2026-02-07 01:34:42,089 - INFO - 🔄 [工人 0]：已启动
2026-02-07 01:34:42,090 - INFO - 🔄 [工人 1]：已启动
2026-02-07 01:34:42,091 - INFO - 🔄 [工人 2]：已启动
2026-02-07 01:34:42,091 - INFO - ✅ [监听]：开始监听消息...
2026-02-07 01:35:04,041 - INFO - 📥 [监控]：收到消息 chat=-1003892411048 sender=5654372746 msg_id=35
2026-02-07 01:35:04,042 - INFO - 🚫 [工人 0]：消息被过滤
2026-02-07 01:36:09,203 - INFO - 🛑 [监听]：监听已停止
2026-02-07 01:36:09,204 - INFO - 🛑 [工人 0]：已停止
2026-02-07 01:36:09,205 - INFO - 🛑 [工人 1]：已停止
2026-02-07 01:36:09,206 - INFO - 🛑 [工人 2]：已停止
2026-02-07 01:36:09,207 - INFO - ✅ [工人]：已停止所有工人
2026-02-07 01:36:09,207 - INFO - ✅ [监听]：监控监听已停止
2026-02-07 01:36:12,941 - INFO - ✅ [工人]：已启动 3 个工人
2026-02-07 01:36:12,941 - INFO - ✅ [监听]：已设置事件监听
2026-02-07 01:36:12,943 - INFO - ✅ [监听]：监控监听已启动
2026-02-07 01:36:12,945 - INFO - 🔄 [工人 0]：已启动
2026-02-07 01:36:12,945 - INFO - 🔄 [工人 1]：已启动
2026-02-07 01:36:12,946 - INFO - 🔄 [工人 2]：已启动
2026-02-07 01:36:12,946 - INFO - ✅ [监听]：开始监听消息...
2026-02-07 01:36:25,769 - INFO - 📥 [监控]：收到消息 chat=-1003892411048 sender=5654372746 msg_id=36
2026-02-07 01:36:25,770 - INFO - 🚫 [工人 0]：消息被过滤
2026-02-07 01:37:08,918 - INFO - 📥 [监控]：收到消息 chat=-1003892411048 sender=1413909008 msg_id=37
2026-02-07 01:37:08,927 - WARNING - ⚠️ [工人 0]：映射克隆号离线 12567491848
2026-02-07 01:37:12,985 - INFO - 📥 [监控]：收到消息 chat=-1003892411048 sender=1413909008 msg_id=38
2026-02-07 01:37:12,992 - WARNING - ⚠️ [工人 1]：映射克隆号离线 12567491848
2026-02-07 01:38:12,197 - INFO - 📥 [监控]：收到消息 chat=-1003892411048 sender=5654372746 msg_id=39
2026-02-07 01:38:12,476 - INFO - ✅ [转发成功]：12245845044 -> @fasfwe22
2026-02-07 01:38:22,709 - INFO - 📥 [监控]：收到消息 chat=-1003892411048 sender=1413909008 msg_id=40
2026-02-07 01:38:22,717 - WARNING - ⚠️ [工人 2]：映射克隆号离线 12567491848
2026-02-07 01:38:44,545 - INFO - 📥 [监控]：收到消息 chat=-1003892411048 sender=5654372746 msg_id=41
2026-02-07 01:38:44,834 - INFO - ✅ [转发成功]：12245845044 -> @fasfwe22
2026-02-07 01:45:49,652 - INFO - ✅ [关闭]：系统已安全关闭
2026-02-07 01:45:52,232 - INFO - 📡 [初始化]：正在初始化 API...
2026-02-07 01:45:52,234 - INFO - ✅ [后台]：已启动事件循环线程
2026-02-07 01:45:52,235 - INFO - ✅ [API]：已初始化
2026-02-07 01:45:52,235 - INFO - ✅ [初始化]：系统已初始化完毕
2026-02-07 01:45:52,235 - INFO - 🚀 [启动]：启动后端服务...
2026-02-07 01:45:52,235 - INFO - 🚀 [Flask]：启动 API 服务...
2026-02-07 01:45:52,236 - INFO - 📝 [Flask]：访问地址: http://localhost:5000
2026-02-07 01:45:52,236 - INFO - 📋 [说明]：请在管理面板中登录账号，设置配置，然后点击'启动脚本'按钮
2026-02-07 01:46:07,359 - INFO - ✅ 使用手动配置代理：127.0.0.1:7897
2026-02-07 01:46:09,291 - INFO - ✅ [监控号登录]：+12177662808 (ID: 8191198429)
2026-02-07 01:46:09,524 - INFO - ✅ [监控号]：已加入警告群 @fasfwe22
2026-02-07 01:46:09,997 - INFO - ✅ [监控号]：已在源群 @afasf11
2026-02-07 01:46:14,005 - INFO - ✅ 使用手动配置代理：127.0.0.1:7897
2026-02-07 01:46:15,170 - INFO - ✅ 使用手动配置代理：127.0.0.1:7897
2026-02-07 01:46:15,839 - INFO - ✅ [克隆号登录]：12183293044 (Phone: +12183293044, ID: 7801497574)
2026-02-07 01:46:16,147 - INFO - ✅ [克隆号]：12183293044 已在目标群 @fasfwe22
2026-02-07 01:46:16,319 - INFO - ✅ 使用手动配置代理：127.0.0.1:7897
2026-02-07 01:46:17,187 - INFO - ✅ [克隆号登录]：12183989297 (Phone: +12183989297, ID: 7964268986)
2026-02-07 01:46:17,498 - INFO - ✅ [克隆号]：12183989297 已在目标群 @fasfwe22
2026-02-07 01:46:18,088 - INFO - ✅ [克隆号登录]：12245845044 (Phone: +12245845044, ID: 7539442717)
2026-02-07 01:46:18,413 - INFO - ✅ [克隆号]：12245845044 已在目标群 @fasfwe22
2026-02-07 01:48:08,862 - INFO - ✅ [工人]：已启动 3 个工人
2026-02-07 01:48:08,863 - INFO - ✅ [监听]：已设置事件监听
2026-02-07 01:48:08,864 - INFO - ✅ [监听]：监控监听已启动
2026-02-07 01:48:08,866 - INFO - 🔄 [工人 0]：已启动
2026-02-07 01:48:08,867 - INFO - 🔄 [工人 1]：已启动
2026-02-07 01:48:08,867 - INFO - 🔄 [工人 2]：已启动
2026-02-07 01:48:08,868 - INFO - ✅ [监听]：开始监听消息...
2026-02-07 01:48:34,269 - INFO - 📥 [监控]：收到消息 chat=-1003892411048 sender=5654372746 msg_id=44
2026-02-07 01:48:34,552 - INFO - ✅ [转发成功]：12245845044 -> @fasfwe22
2026-02-07 01:48:47,423 - INFO - 📥 [监控]：收到消息 chat=-1003892411048 sender=1413909008 msg_id=45
2026-02-07 01:48:47,430 - WARNING - ⚠️ [工人 1]：映射克隆号离线 12567491848，尝试唤醒登录
2026-02-07 01:48:47,431 - INFO - ✅ 使用手动配置代理：127.0.0.1:7897
2026-02-07 01:48:49,242 - INFO - ✅ [克隆号登录]：12567491848 (Phone: +12567491848, ID: 7747423090)
2026-02-07 01:48:49,539 - INFO - ✅ [克隆号]：12567491848 已在目标群 @fasfwe22
2026-02-07 01:48:49,817 - INFO - ✅ [转发成功]：12567491848 -> @fasfwe22
2026-02-07 01:49:02,578 - INFO - 📥 [监控]：收到消息 chat=-1003892411048 sender=1413909008 msg_id=46
2026-02-07 01:49:02,878 - INFO - ✅ [转发成功]：12567491848 -> @fasfwe22
2026-02-07 01:49:46,684 - INFO - 📥 [监控]：收到消息 chat=-1003892411048 sender=5654372746 msg_id=47
2026-02-07 01:49:46,685 - INFO - 🚫 [工人 2]：消息被过滤
2026-02-07 01:55:39,708 - INFO - ✅ [关闭]：系统已安全关闭
2026-02-07 01:55:52,610 - INFO - 📡 [初始化]：正在初始化 API...
2026-02-07 01:55:52,612 - INFO - ✅ [后台]：已启动事件循环线程
2026-02-07 01:55:52,612 - INFO - ✅ [API]：已初始化
2026-02-07 01:55:52,612 - INFO - ✅ [初始化]：系统已初始化完毕
2026-02-07 01:55:52,612 - INFO - 🚀 [启动]：启动后端服务...
2026-02-07 01:55:52,613 - INFO - 🚀 [Flask]：启动 API 服务...
2026-02-07 01:55:52,613 - INFO - 📝 [Flask]：访问地址: http://localhost:5000
2026-02-07 01:55:52,613 - INFO - 📋 [说明]：请在管理面板中登录账号，设置配置，然后点击'启动脚本'按钮
2026-02-07 01:56:00,633 - INFO - ✅ 使用手动配置代理：127.0.0.1:7897
2026-02-07 01:56:02,468 - INFO - ✅ [监控号登录]：+12177662808 (ID: 8191198429)
2026-02-07 01:56:02,703 - INFO - ✅ [监控号]：已加入警告群 @fasfwe22
2026-02-07 01:56:03,178 - INFO - ✅ [监控号]：已在源群 @afasf11
2026-02-07 01:56:08,933 - INFO - ✅ 使用手动配置代理：127.0.0.1:7897
2026-02-07 01:56:09,824 - INFO - ✅ 使用手动配置代理：127.0.0.1:7897
2026-02-07 01:56:10,475 - INFO - ✅ 使用手动配置代理：127.0.0.1:7897
2026-02-07 01:56:10,671 - INFO - ✅ [克隆号登录]：12183293044 (Phone: +12183293044, ID: 7801497574)
2026-02-07 01:56:10,947 - INFO - ✅ [克隆号]：12183293044 已在目标群 @fasfwe22
2026-02-07 01:56:11,127 - INFO - ✅ 使用手动配置代理：127.0.0.1:7897
2026-02-07 01:56:11,655 - INFO - ✅ [克隆号登录]：12183989297 (Phone: +12183989297, ID: 7964268986)
2026-02-07 01:56:11,934 - INFO - ✅ [克隆号]：12183989297 已在目标群 @fasfwe22
2026-02-07 01:56:12,264 - INFO - ✅ [克隆号登录]：12245845044 (Phone: +12245845044, ID: 7539442717)
2026-02-07 01:56:12,552 - INFO - ✅ [克隆号]：12245845044 已在目标群 @fasfwe22
2026-02-07 01:56:12,912 - INFO - ✅ [克隆号登录]：12523493110 (Phone: +12523493110, ID: 8092349051)
2026-02-07 01:56:13,205 - INFO - ✅ [克隆号]：12523493110 已在目标群 @fasfwe22
2026-02-07 01:56:16,709 - INFO - ✅ [工人]：已启动 3 个工人
2026-02-07 01:56:16,709 - INFO - ✅ [监听]：已设置事件监听
2026-02-07 01:56:16,710 - INFO - ✅ [监听]：监控监听已启动
2026-02-07 01:56:16,712 - INFO - 🔄 [工人 0]：已启动
2026-02-07 01:56:16,713 - INFO - 🔄 [工人 1]：已启动
2026-02-07 01:56:16,713 - INFO - 🔄 [工人 2]：已启动
2026-02-07 01:56:16,714 - INFO - ✅ [监听]：开始监听消息...
2026-02-07 01:56:43,573 - INFO - 📥 [监控]：收到消息 chat=-1003892411048 sender=5654372746 msg_id=48
2026-02-07 01:56:43,851 - INFO - ✅ [转发成功]：12245845044 -> @fasfwe22
2026-02-07 01:56:50,181 - INFO - 📥 [监控]：收到消息 chat=-1003892411048 sender=5654372746 msg_id=49
2026-02-07 01:56:50,465 - INFO - ✅ [转发成功]：12245845044 -> @fasfwe22
2026-02-07 02:00:03,173 - INFO - ✅ [关闭]：系统已安全关闭
2026-02-07 02:00:05,608 - INFO - 📡 [初始化]：正在初始化 API...
2026-02-07 02:00:05,609 - INFO - ✅ [后台]：已启动事件循环线程
2026-02-07 02:00:05,609 - INFO - ✅ [API]：已初始化
2026-02-07 02:00:05,610 - INFO - ✅ [初始化]：系统已初始化完毕
2026-02-07 02:00:05,610 - INFO - 🚀 [启动]：启动后端服务...
2026-02-07 02:00:05,610 - INFO - 🚀 [Flask]：启动 API 服务...
2026-02-07 02:00:05,610 - INFO - 📝 [Flask]：访问地址: http://localhost:5000
2026-02-07 02:00:05,610 - INFO - 📋 [说明]：请在管理面板中登录账号，设置配置，然后点击'启动脚本'按钮
2026-02-07 02:00:12,797 - INFO - ✅ 使用手动配置代理：127.0.0.1:7897
2026-02-07 02:00:14,592 - INFO - ✅ [监控号登录]：+12177662808 (ID: 8191198429)
2026-02-07 02:00:14,837 - INFO - ✅ [监控号]：已加入警告群 @fasfwe22
2026-02-07 02:00:15,313 - INFO - ✅ [监控号]：已在源群 @afasf11
2026-02-07 02:00:15,828 - INFO - ✅ 使用手动配置代理：127.0.0.1:7897
2026-02-07 02:00:15,941 - INFO - ✅ 使用手动配置代理：127.0.0.1:7897
2026-02-07 02:00:17,240 - INFO - ✅ 使用手动配置代理：127.0.0.1:7897
2026-02-07 02:00:17,587 - INFO - ✅ [克隆号登录]：12183293044 (Phone: +12183293044, ID: 7801497574)
2026-02-07 02:00:17,741 - INFO - ✅ [克隆号登录]：12183989297 (Phone: +12183989297, ID: 7964268986)
2026-02-07 02:00:17,855 - INFO - ✅ [克隆号]：12183293044 已在目标群 @fasfwe22
2026-02-07 02:00:18,020 - INFO - ✅ [克隆号]：12183989297 已在目标群 @fasfwe22
2026-02-07 02:00:18,053 - INFO - ✅ 使用手动配置代理：127.0.0.1:7897
2026-02-07 02:00:19,048 - INFO - ✅ [克隆号登录]：12245845044 (Phone: +12245845044, ID: 7539442717)
2026-02-07 02:00:19,324 - INFO - ✅ [克隆号]：12245845044 已在目标群 @fasfwe22
2026-02-07 02:00:19,798 - INFO - ✅ [克隆号登录]：12523493110 (Phone: +12523493110, ID: 8092349051)
2026-02-07 02:00:20,068 - INFO - ✅ [克隆号]：12523493110 已在目标群 @fasfwe22
2026-02-07 02:00:23,549 - INFO - ✅ [工人]：已启动 3 个工人
2026-02-07 02:00:23,549 - INFO - ✅ [监听]：已设置事件监听
2026-02-07 02:00:23,551 - INFO - ✅ [监听]：监控监听已启动
2026-02-07 02:00:23,552 - INFO - 🔄 [工人 0]：已启动
2026-02-07 02:00:23,553 - INFO - 🔄 [工人 1]：已启动
2026-02-07 02:00:23,554 - INFO - 🔄 [工人 2]：已启动
2026-02-07 02:00:23,554 - INFO - ✅ [监听]：开始监听消息...
2026-02-07 02:00:42,719 - INFO - 📥 [监控]：收到消息 chat=-1003892411048 sender=5654372746 msg_id=50
2026-02-07 02:00:43,031 - INFO - ✅ [转发成功]：12245845044 -> @fasfwe22
2026-02-07 02:00:49,945 - INFO - 📥 [监控]：收到消息 chat=-1003892411048 sender=5654372746 msg_id=51
2026-02-07 02:00:50,231 - INFO - ✅ [转发成功]：12245845044 -> @fasfwe22
2026-02-07 02:01:30,637 - INFO - 📥 [监控]：收到消息 chat=-1003892411048 sender=5654372746 msg_id=52
2026-02-07 02:01:30,935 - INFO - ✅ [转发成功]：12245845044 -> @fasfwe22
2026-02-07 02:02:58,724 - INFO - 📥 [监控]：收到消息 chat=-1003892411048 sender=1413909008 msg_id=53
2026-02-07 02:02:58,732 - WARNING - ⚠️ [工人 2]：映射克隆号离线 12567491848，尝试唤醒登录
2026-02-07 02:02:58,733 - INFO - ✅ 使用手动配置代理：127.0.0.1:7897
2026-02-07 02:03:00,550 - INFO - ✅ [克隆号登录]：12567491848 (Phone: +12567491848, ID: 7747423090)
2026-02-07 02:03:00,835 - INFO - ✅ [克隆号]：12567491848 已在目标群 @fasfwe22
2026-02-07 02:03:01,353 - INFO - ✅ [转发成功]：12567491848 -> @fasfwe22
2026-02-07 02:05:26,965 - INFO - ✅ [关闭]：系统已安全关闭
2026-02-07 02:05:30,742 - INFO - 📡 [初始化]：正在初始化 API...
2026-02-07 02:05:30,744 - INFO - ✅ [后台]：已启动事件循环线程
2026-02-07 02:05:30,744 - INFO - ✅ [API]：已初始化
2026-02-07 02:05:30,745 - INFO - ✅ [初始化]：系统已初始化完毕
2026-02-07 02:05:30,745 - INFO - 🚀 [启动]：启动后端服务...
2026-02-07 02:05:30,745 - INFO - 🚀 [Flask]：启动 API 服务...
2026-02-07 02:05:30,745 - INFO - 📝 [Flask]：访问地址: http://localhost:5000
2026-02-07 02:05:30,745 - INFO - 📋 [说明]：请在管理面板中登录账号，设置配置，然后点击'启动脚本'按钮
2026-02-07 02:05:50,570 - INFO - ✅ 使用手动配置代理：127.0.0.1:7897
2026-02-07 02:05:52,389 - INFO - ✅ [监控号登录]：+12177662808 (ID: 8191198429)
2026-02-07 02:05:52,620 - INFO - ✅ [监控号]：已加入警告群 @fasfwe22
2026-02-07 02:05:53,101 - INFO - ✅ [监控号]：已在源群 @afasf11
2026-02-07 02:05:55,194 - INFO - ✅ 使用手动配置代理：127.0.0.1:7897
2026-02-07 02:05:55,457 - INFO - ✅ 使用手动配置代理：127.0.0.1:7897
2026-02-07 02:05:56,036 - INFO - ✅ 使用手动配置代理：127.0.0.1:7897
2026-02-07 02:05:56,748 - INFO - ✅ 使用手动配置代理：127.0.0.1:7897
2026-02-07 02:05:56,998 - INFO - ✅ [克隆号登录]：12183293044 (Phone: +12183293044, ID: 7801497574)
2026-02-07 02:05:57,150 - INFO - ✅ 使用手动配置代理：127.0.0.1:7897
2026-02-07 02:05:57,262 - INFO - ✅ [克隆号登录]：12183989297 (Phone: +12183989297, ID: 7964268986)
2026-02-07 02:05:57,282 - INFO - ✅ [克隆号]：12183293044 已在目标群 @fasfwe22
2026-02-07 02:05:57,538 - INFO - ✅ [克隆号]：12183989297 已在目标群 @fasfwe22
2026-02-07 02:05:57,992 - INFO - ✅ [克隆号登录]：12245845044 (Phone: +12245845044, ID: 7539442717)
2026-02-07 02:05:58,383 - INFO - ✅ [克隆号]：12245845044 已在目标群 @fasfwe22
2026-02-07 02:05:58,567 - INFO - ✅ [克隆号登录]：12523493110 (Phone: +12523493110, ID: 8092349051)
2026-02-07 02:05:58,841 - INFO - ✅ [克隆号]：12523493110 已在目标群 @fasfwe22
2026-02-07 02:05:58,976 - INFO - ✅ [克隆号登录]：12562511205 (Phone: +12562511205, ID: 7675823192)
2026-02-07 02:05:59,251 - INFO - ✅ [克隆号]：12562511205 已在目标群 @fasfwe22
2026-02-07 02:06:03,100 - INFO - ✅ [工人]：已启动 3 个工人
2026-02-07 02:06:03,101 - INFO - ✅ [监听]：已设置事件监听
2026-02-07 02:06:03,102 - INFO - ✅ [监听]：监控监听已启动
2026-02-07 02:06:03,104 - INFO - 🔄 [工人 0]：已启动
2026-02-07 02:06:03,105 - INFO - 🔄 [工人 1]：已启动
2026-02-07 02:06:03,106 - INFO - 🔄 [工人 2]：已启动
2026-02-07 02:06:03,106 - INFO - ✅ [监听]：开始监听消息...
2026-02-07 02:06:20,346 - INFO - 📥 [监控]：收到消息 chat=-1003892411048 sender=5654372746 msg_id=54
2026-02-07 02:06:20,635 - INFO - ✅ [转发成功]：12245845044 -> @fasfwe22
2026-02-07 02:06:54,055 - INFO - 📥 [监控]：收到消息 chat=-1003892411048 sender=1413909008 msg_id=55
2026-02-07 02:06:54,068 - WARNING - ⚠️ [工人 0]：映射克隆号离线 12567491848，尝试唤醒登录
2026-02-07 02:06:54,069 - INFO - ✅ 使用手动配置代理：127.0.0.1:7897
2026-02-07 02:06:55,852 - INFO - ✅ [克隆号登录]：12567491848 (Phone: +12567491848, ID: 7747423090)
2026-02-07 02:06:56,136 - INFO - ✅ [克隆号]：12567491848 已在目标群 @fasfwe22
2026-02-07 02:06:56,420 - INFO - ✅ [转发成功]：12567491848 -> @fasfwe22
2026-02-07 02:11:30,274 - INFO - ✅ [关闭]：系统已安全关闭
2026-02-07 02:11:48,722 - INFO - 📡 [初始化]：正在初始化 API...
2026-02-07 02:11:48,724 - INFO - ✅ [后台]：已启动事件循环线程
2026-02-07 02:11:48,725 - INFO - ✅ [API]：已初始化
2026-02-07 02:11:48,725 - INFO - ✅ [初始化]：系统已初始化完毕
2026-02-07 02:11:48,726 - INFO - 🚀 [启动]：启动后端服务...
2026-02-07 02:11:48,726 - INFO - 🚀 [Flask]：启动 API 服务...
2026-02-07 02:11:48,727 - INFO - 📝 [Flask]：访问地址: http://localhost:5000
2026-02-07 02:11:48,727 - INFO - 📋 [说明]：请在管理面板中登录账号，设置配置，然后点击'启动脚本'按钮
2026-02-07 02:11:58,447 - INFO - ✅ 使用手动配置代理：127.0.0.1:7897
2026-02-07 02:12:00,339 - INFO - ✅ [监控号登录]：+12177662808 (ID: 8191198429)
2026-02-07 02:12:00,576 - INFO - ✅ [监控号]：已加入警告群 @fasfwe22
2026-02-07 02:12:01,052 - INFO - ✅ [监控号]：已在源群 @afasf11
2026-02-07 02:12:03,519 - INFO - ✅ 使用手动配置代理：127.0.0.1:7897
2026-02-07 02:12:05,367 - ERROR - ❌ [克隆号登录失败]：61415713972 需要输入手机号或 bot token
2026-02-07 02:12:05,377 - INFO - ✅ 使用手动配置代理：127.0.0.1:7897
2026-02-07 02:12:08,032 - INFO - ✅ [克隆号登录]：61415721054 (Phone: +61415721054, ID: 5774991534)
2026-02-07 02:12:08,643 - INFO - ⏳ [克隆号]：61415721054 正在加入目标群 @fasfwe22
2026-02-07 02:12:11,787 - INFO - ✅ [克隆号]：61415721054 已加入目标群 @fasfwe22
2026-02-07 02:12:11,788 - INFO - ✅ 使用手动配置代理：127.0.0.1:7897
2026-02-07 02:12:13,662 - ERROR - ❌ [克隆号登录失败]：61415727461 需要输入手机号或 bot token
2026-02-07 02:12:13,674 - INFO - ✅ 使用手动配置代理：127.0.0.1:7897
2026-02-07 02:12:15,536 - ERROR - ❌ [克隆号登录失败]：61415734817 需要输入手机号或 bot token
2026-02-07 02:12:15,546 - INFO - ✅ 使用手动配置代理：127.0.0.1:7897
2026-02-07 02:12:17,411 - ERROR - ❌ [克隆号登录失败]：61415734954 需要输入手机号或 bot token
2026-02-07 02:12:17,420 - INFO - ✅ 使用手动配置代理：127.0.0.1:7897
2026-02-07 02:12:19,399 - ERROR - ❌ [克隆号登录失败]：61415759902 需要输入手机号或 bot token
2026-02-07 02:12:19,413 - INFO - 📊 [自动登录]：成功登录 1/6 个克隆号
2026-02-07 02:12:54,407 - INFO - ✅ [关闭]：系统已安全关闭
2026-02-07 02:13:33,069 - INFO - 📡 [初始化]：正在初始化 API...
2026-02-07 02:13:33,071 - INFO - ✅ [后台]：已启动事件循环线程
2026-02-07 02:13:33,072 - INFO - ✅ [API]：已初始化
2026-02-07 02:13:33,072 - INFO - ✅ [初始化]：系统已初始化完毕
2026-02-07 02:13:33,073 - INFO - 🚀 [启动]：启动后端服务...
2026-02-07 02:13:33,073 - INFO - 🚀 [Flask]：启动 API 服务...
2026-02-07 02:13:33,074 - INFO - 📝 [Flask]：访问地址: http://localhost:5000
2026-02-07 02:13:33,074 - INFO - 📋 [说明]：请在管理面板中登录账号，设置配置，然后点击'启动脚本'按钮
2026-02-07 02:13:38,260 - INFO - ✅ 使用手动配置代理：127.0.0.1:7897
2026-02-07 02:13:40,135 - INFO - ✅ [监控号登录]：+12177662808 (ID: 8191198429)
2026-02-07 02:13:40,374 - INFO - ✅ [监控号]：已加入警告群 @fasfwe22
2026-02-07 02:13:40,851 - INFO - ✅ [监控号]：已在源群 @afasf11
2026-02-07 02:13:49,616 - WARNING - ⚠️ [自动登录]：跳过失败账号 61415713972
2026-02-07 02:13:49,616 - INFO - ✅ 使用手动配置代理：127.0.0.1:7897
2026-02-07 02:13:52,342 - INFO - ✅ [克隆号登录]：61415721054 (Phone: +61415721054, ID: 5774991534)
2026-02-07 02:13:52,948 - INFO - ✅ [克隆号]：61415721054 已在目标群 @fasfwe22
2026-02-07 02:13:52,948 - WARNING - ⚠️ [自动登录]：跳过失败账号 61415727461
2026-02-07 02:13:52,950 - WARNING - ⚠️ [自动登录]：跳过失败账号 61415734817
2026-02-07 02:13:52,950 - WARNING - ⚠️ [自动登录]：跳过失败账号 61415734954
2026-02-07 02:13:52,951 - WARNING - ⚠️ [自动登录]：跳过失败账号 61415759902
2026-02-07 02:13:52,952 - INFO - ✅ 使用手动配置代理：127.0.0.1:7897
2026-02-07 02:13:55,512 - INFO - ✅ [克隆号登录]：61415768947 (Phone: +61415768947, ID: 7644114552)
2026-02-07 02:13:55,923 - INFO - ⏳ [克隆号]：61415768947 正在加入目标群 @fasfwe22
2026-02-07 02:13:58,938 - INFO - ✅ [克隆号]：61415768947 已加入目标群 @fasfwe22
2026-02-07 02:13:58,939 - INFO - ✅ 使用手动配置代理：127.0.0.1:7897
2026-02-07 02:14:00,857 - ERROR - ❌ [克隆号登录失败]：61415784948 需要输入手机号或 bot token
2026-02-07 02:14:00,870 - INFO - ✅ 使用手动配置代理：127.0.0.1:7897
2026-02-07 02:14:02,717 - ERROR - ❌ [克隆号登录失败]：61415786348 需要输入手机号或 bot token
2026-02-07 02:14:02,726 - INFO - ✅ 使用手动配置代理：127.0.0.1:7897
2026-02-07 02:14:05,308 - INFO - ✅ [克隆号登录]：61416879254 (Phone: +61416879254, ID: 8002482085)
2026-02-07 02:14:05,678 - INFO - ⏳ [克隆号]：61416879254 正在加入目标群 @fasfwe22
2026-02-07 02:14:06,052 - ERROR - ❌ [克隆号]：61416879254 加入目标群 @fasfwe22 失败 No user has "fasfwe22" as username
2026-02-07 02:14:06,053 - INFO - ✅ 使用手动配置代理：127.0.0.1:7897
2026-02-07 02:14:07,950 - ERROR - ❌ [克隆号登录失败]：61416879534 需要输入手机号或 bot token
2026-02-07 02:14:07,962 - INFO - ✅ 使用手动配置代理：127.0.0.1:7897
2026-02-07 02:14:10,595 - INFO - ✅ [克隆号登录]：61416879538 (Phone: +61416879538, ID: 8078957385)
2026-02-07 02:14:10,974 - INFO - ⏳ [克隆号]：61416879538 正在加入目标群 @fasfwe22
2026-02-07 02:14:11,438 - ERROR - ❌ [克隆号]：61416879538 加入目标群 @fasfwe22 失败 No user has "fasfwe22" as username
2026-02-07 02:14:11,439 - INFO - ✅ 使用手动配置代理：127.0.0.1:7897
2026-02-07 02:14:13,292 - ERROR - ❌ [克隆号登录失败]：61416881738 需要输入手机号或 bot token
2026-02-07 02:14:13,307 - INFO - ✅ 使用手动配置代理：127.0.0.1:7897
2026-02-07 02:14:15,186 - ERROR - ❌ [克隆号登录失败]：61416883581 需要输入手机号或 bot token
2026-02-07 02:14:15,196 - INFO - ✅ 使用手动配置代理：127.0.0.1:7897
2026-02-07 02:14:17,081 - ERROR - ❌ [克隆号登录失败]：61416884717 需要输入手机号或 bot token
2026-02-07 02:14:17,092 - INFO - ✅ 使用手动配置代理：127.0.0.1:7897
2026-02-07 02:14:18,928 - ERROR - ❌ [克隆号登录失败]：61416884817 需要输入手机号或 bot token
2026-02-07 02:14:18,943 - INFO - ✅ 使用手动配置代理：127.0.0.1:7897
2026-02-07 02:14:20,796 - ERROR - ❌ [克隆号登录失败]：61416886307 需要输入手机号或 bot token
2026-02-07 02:14:20,810 - INFO - ✅ 使用手动配置代理：127.0.0.1:7897
2026-02-07 02:14:22,661 - ERROR - ❌ [克隆号登录失败]：61416890239 需要输入手机号或 bot token
2026-02-07 02:14:22,669 - INFO - ✅ 使用手动配置代理：127.0.0.1:7897
2026-02-07 02:14:24,564 - ERROR - ❌ [克隆号登录失败]：61416891824 需要输入手机号或 bot token
2026-02-07 02:14:24,572 - INFO - ✅ 使用手动配置代理：127.0.0.1:7897
2026-02-07 02:14:26,477 - ERROR - ❌ [克隆号登录失败]：61424876630 需要输入手机号或 bot token
2026-02-07 02:14:26,492 - INFO - ✅ 使用手动配置代理：127.0.0.1:7897
2026-02-07 02:14:28,349 - ERROR - ❌ [克隆号登录失败]：61439995628 需要输入手机号或 bot token
2026-02-07 02:14:28,361 - INFO - ✅ 使用手动配置代理：127.0.0.1:7897
2026-02-07 02:14:30,279 - ERROR - ❌ [克隆号登录失败]：61451271703 需要输入手机号或 bot token
2026-02-07 02:14:30,290 - INFO - ✅ 使用手动配置代理：127.0.0.1:7897
2026-02-07 02:14:32,257 - ERROR - ❌ [克隆号登录失败]：61451272184 需要输入手机号或 bot token
2026-02-07 02:14:32,271 - INFO - ✅ 使用手动配置代理：127.0.0.1:7897
2026-02-07 02:14:34,120 - ERROR - ❌ [克隆号登录失败]：61451272402 需要输入手机号或 bot token
2026-02-07 02:14:34,131 - INFO - ✅ 使用手动配置代理：127.0.0.1:7897
2026-02-07 02:14:35,982 - ERROR - ❌ [克隆号登录失败]：61451273918 需要输入手机号或 bot token
2026-02-07 02:14:35,992 - INFO - ✅ 使用手动配置代理：127.0.0.1:7897
2026-02-07 02:14:37,843 - ERROR - ❌ [克隆号登录失败]：61451274346 需要输入手机号或 bot token
2026-02-07 02:14:37,853 - INFO - ✅ 使用手动配置代理：127.0.0.1:7897
2026-02-07 02:14:39,701 - ERROR - ❌ [克隆号登录失败]：61451275456 需要输入手机号或 bot token
2026-02-07 02:14:39,710 - INFO - ✅ 使用手动配置代理：127.0.0.1:7897
2026-02-07 02:14:42,268 - INFO - ✅ [克隆号登录]：61451283907 (Phone: +61451283907, ID: 7604887419)
2026-02-07 02:14:42,663 - INFO - ⏳ [克隆号]：61451283907 正在加入目标群 @fasfwe22
2026-02-07 02:14:45,677 - INFO - ✅ [克隆号]：61451283907 已加入目标群 @fasfwe22
2026-02-07 02:14:45,678 - INFO - ✅ 使用手动配置代理：127.0.0.1:7897
2026-02-07 02:14:47,580 - ERROR - ❌ [克隆号登录失败]：61451284424 需要输入手机号或 bot token
2026-02-07 02:14:47,595 - INFO - ✅ 使用手动配置代理：127.0.0.1:7897
2026-02-07 02:14:49,453 - ERROR - ❌ [克隆号登录失败]：61451285237 需要输入手机号或 bot token
2026-02-07 02:14:49,467 - INFO - ✅ 使用手动配置代理：127.0.0.1:7897
2026-02-07 02:14:51,427 - ERROR - ❌ [克隆号登录失败]：61451285915 需要输入手机号或 bot token
2026-02-07 02:14:51,438 - INFO - ✅ 使用手动配置代理：127.0.0.1:7897
2026-02-07 02:14:53,337 - ERROR - ❌ [克隆号登录失败]：61451286162 需要输入手机号或 bot token
2026-02-07 02:14:53,347 - INFO - ✅ 使用手动配置代理：127.0.0.1:7897
2026-02-07 02:14:55,243 - ERROR - ❌ [克隆号登录失败]：61451286378 需要输入手机号或 bot token
2026-02-07 02:14:55,252 - INFO - ✅ 使用手动配置代理：127.0.0.1:7897
2026-02-07 02:14:57,136 - ERROR - ❌ [克隆号登录失败]：61451287498 需要输入手机号或 bot token
2026-02-07 02:14:57,147 - INFO - ✅ 使用手动配置代理：127.0.0.1:7897
2026-02-07 02:14:59,773 - INFO - ✅ [克隆号登录]：61451287637 (Phone: +61451287637, ID: 7824681921)
2026-02-07 02:15:00,144 - INFO - ⏳ [克隆号]：61451287637 正在加入目标群 @fasfwe22
2026-02-07 02:15:03,260 - INFO - ✅ [克隆号]：61451287637 已加入目标群 @fasfwe22
2026-02-07 02:15:03,261 - INFO - ✅ 使用手动配置代理：127.0.0.1:7897
2026-02-07 02:15:05,227 - ERROR - ❌ [克隆号登录失败]：61451287660 需要输入手机号或 bot token
2026-02-07 02:15:05,241 - INFO - ✅ 使用手动配置代理：127.0.0.1:7897
2026-02-07 02:15:07,085 - ERROR - ❌ [克隆号登录失败]：61451287752 需要输入手机号或 bot token
2026-02-07 02:15:07,096 - INFO - ✅ 使用手动配置代理：127.0.0.1:7897
2026-02-07 02:15:08,972 - ERROR - ❌ [克隆号登录失败]：61451294235 需要输入手机号或 bot token
2026-02-07 02:15:08,982 - INFO - ✅ 使用手动配置代理：127.0.0.1:7897
2026-02-07 02:15:11,581 - INFO - ✅ [克隆号登录]：61451296352 (Phone: +61451296352, ID: 8145811239)
2026-02-07 02:15:11,971 - INFO - ⏳ [克隆号]：61451296352 正在加入目标群 @fasfwe22
2026-02-07 02:15:15,068 - INFO - ✅ [克隆号]：61451296352 已加入目标群 @fasfwe22
2026-02-07 02:15:15,069 - INFO - ✅ 使用手动配置代理：127.0.0.1:7897
2026-02-07 02:15:16,922 - ERROR - ❌ [克隆号登录失败]：61451297181 需要输入手机号或 bot token
2026-02-07 02:15:16,937 - INFO - ✅ 使用手动配置代理：127.0.0.1:7897
2026-02-07 02:15:18,927 - ERROR - ❌ [克隆号登录失败]：61451297637 需要输入手机号或 bot token
2026-02-07 02:15:18,937 - INFO - ✅ 使用手动配置代理：127.0.0.1:7897
2026-02-07 02:15:20,774 - ERROR - ❌ [克隆号登录失败]：61451298384 需要输入手机号或 bot token
2026-02-07 02:15:20,784 - INFO - ✅ 使用手动配置代理：127.0.0.1:7897
2026-02-07 02:15:22,664 - ERROR - ❌ [克隆号登录失败]：61451299248 需要输入手机号或 bot token
2026-02-07 02:15:22,675 - INFO - ✅ 使用手动配置代理：127.0.0.1:7897
2026-02-07 02:15:24,605 - ERROR - ❌ [克隆号登录失败]：61451300648 需要输入手机号或 bot token
2026-02-07 02:15:24,618 - INFO - ✅ 使用手动配置代理：127.0.0.1:7897
2026-02-07 02:15:26,487 - ERROR - ❌ [克隆号登录失败]：61451301352 需要输入手机号或 bot token
2026-02-07 02:15:26,497 - INFO - ✅ 使用手动配置代理：127.0.0.1:7897
2026-02-07 02:15:28,379 - ERROR - ❌ [克隆号登录失败]：61451304163 需要输入手机号或 bot token
2026-02-07 02:15:28,391 - INFO - ✅ 使用手动配置代理：127.0.0.1:7897
2026-02-07 02:15:30,257 - ERROR - ❌ [克隆号登录失败]：61451305327 需要输入手机号或 bot token
2026-02-07 02:15:30,266 - INFO - 📊 [自动登录]：成功登录 7/47 个克隆号
2026-02-07 02:15:54,197 - INFO - ✅ [工人]：已启动 3 个工人
2026-02-07 02:15:54,197 - INFO - ✅ [监听]：已设置事件监听
2026-02-07 02:15:54,197 - INFO - ✅ [监听]：监控监听已启动
2026-02-07 02:15:54,200 - INFO - 🔄 [工人 0]：已启动
2026-02-07 02:15:54,200 - INFO - 🔄 [工人 1]：已启动
2026-02-07 02:15:54,201 - INFO - 🔄 [工人 2]：已启动
2026-02-07 02:15:54,201 - INFO - ✅ [监听]：开始监听消息...
2026-02-07 02:16:57,336 - INFO - 📥 [监控]：收到消息 chat=-1003892411048 sender=5654372746 msg_id=56
2026-02-07 02:16:57,339 - WARNING - ⚠️ [工人 0]：映射克隆号离线 12245845044，尝试唤醒登录
2026-02-07 02:16:57,340 - ERROR - ❌ [克隆号]：会话文件不存在 sessions\12245845044.session
2026-02-07 02:16:57,341 - WARNING - ⚠️ [工人 0]：唤醒失败，解绑映射 5654372746 -> 12245845044
2026-02-07 02:16:57,353 - INFO - 🔄 [工人 0]：重新分配 5654372746 -> 61451296352
2026-02-07 02:16:58,055 - INFO - ✅ [转发成功]：61451296352 -> @fasfwe22
2026-02-07 02:17:12,000 - INFO - 📥 [监控]：收到消息 chat=-1003892411048 sender=5654372746 msg_id=57
2026-02-07 02:17:12,008 - ERROR - ❌ [克隆号]：会话文件不存在 sessions\12567491848.session
2026-02-07 02:17:12,019 - INFO - 🔄 [工人 0]：@改绑 m0nesy_2 -> 61451296352
2026-02-07 02:17:12,758 - INFO - ✅ [转发成功]：61451296352 -> @fasfwe22
2026-02-07 02:17:40,530 - INFO - 📥 [监控]：收到消息 chat=-1003892411048 sender=1413909008 msg_id=58
2026-02-07 02:17:40,547 - WARNING - ⚠️ [工人 0]：映射克隆号离线 12567491848，尝试唤醒登录
2026-02-07 02:17:40,548 - ERROR - ❌ [克隆号]：会话文件不存在 sessions\12567491848.session
2026-02-07 02:17:40,548 - WARNING - ⚠️ [工人 0]：唤醒失败，解绑映射 1413909008 -> 12567491848
2026-02-07 02:17:40,564 - INFO - 🔄 [工人 0]：重新分配 1413909008 -> 61451283907
2026-02-07 02:17:41,263 - INFO - ✅ [转发成功]：61451283907 -> @fasfwe22
2026-02-07 02:17:49,948 - INFO - 📥 [监控]：收到消息 chat=-1003892411048 sender=1413909008 msg_id=59
2026-02-07 02:17:50,689 - INFO - ✅ [转发成功]：61451283907 -> @fasfwe22
2026-02-07 02:18:19,684 - INFO - 📥 [监控]：收到消息 chat=-1003892411048 sender=5654372746 msg_id=60
2026-02-07 02:18:19,684 - INFO - 🚫 [工人 0]：消息被过滤
2026-02-07 02:18:46,666 - INFO - 📥 [监控]：收到消息 chat=-1003892411048 sender=5654372746 msg_id=61
2026-02-07 02:18:47,321 - INFO - ✅ [转发成功]：61451296352 -> @fasfwe22
2026-02-07 02:19:54,676 - INFO - ✅ [关闭]：系统已安全关闭
2026-02-07 02:22:01,065 - INFO - 📡 [初始化]：正在初始化 API...
2026-02-07 02:22:01,068 - INFO - ✅ [后台]：已启动事件循环线程
2026-02-07 02:22:01,068 - INFO - ✅ [API]：已初始化
2026-02-07 02:22:01,069 - INFO - ✅ [初始化]：系统已初始化完毕
2026-02-07 02:22:01,069 - INFO - 🚀 [启动]：启动后端服务...
2026-02-07 02:22:01,070 - INFO - 🚀 [Flask]：启动 API 服务...
2026-02-07 02:22:01,071 - INFO - 📝 [Flask]：访问地址: http://localhost:5000
2026-02-07 02:22:01,071 - INFO - 📋 [说明]：请在管理面板中登录账号，设置配置，然后点击'启动脚本'按钮
2026-07-07 23:22:54,614 - INFO - 📡 [初始化]：正在初始化 API...
2026-07-07 23:22:54,616 - INFO - ✅ [后台]：已启动事件循环线程
2026-07-07 23:22:54,616 - INFO - ✅ [API]：已初始化
2026-07-07 23:22:54,617 - INFO - ✅ [初始化]：系统已初始化完毕
2026-07-07 23:22:54,617 - INFO - 🚀 [启动]：启动后端服务...
2026-07-07 23:22:54,617 - INFO - 🚀 [Flask]：启动 API 服务...
2026-07-07 23:22:54,617 - INFO - 📝 [Flask]：访问地址: http://localhost:5000
2026-07-07 23:22:54,617 - INFO - 📋 [说明]：请在管理面板中登录账号，设置配置，然后点击'启动脚本'按钮
2026-07-07 23:25:51,704 - INFO - ✅ 使用手动配置代理：127.0.0.1:10808
2026-07-07 23:25:53,978 - ERROR - ❌ [克隆号登录失败]：61415713972 需要输入手机号或 bot token
2026-07-07 23:27:50,322 - INFO - ✅ 使用手动配置代理：127.0.0.1:10808
2026-07-07 23:27:53,167 - INFO - ✅ [监控号登录]：+12023593943 (ID: 7855236840)
2026-07-07 23:27:54,817 - INFO - ✅ [监控号]：已加入警告群 @fasfwe22
2026-07-07 23:28:00,096 - INFO - ✅ [监控号]：已加入源群 @afasf11
2026-07-07 23:41:03,639 - INFO - ✅ [关闭]：系统已安全关闭
